<?xml version="1.0" encoding="UTF-8"?>
<!-- Generated by org.testng.reporters.JUnitReportReporter -->
<testsuite hostname="Ashish" failures="0" tests="3" name="day_4.dependency" time="15.359" errors="0" timestamp="2025-08-21T15:20:58 IST" skipped="0">
  <testcase classname="day_4.dependency" name="openWebsite" time="5.740"/>
  <testcase classname="day_4.dependency" name="registerPatient" time="6.952"/>
  <testcase classname="day_4.dependency" name="login" time="2.667"/>
</testsuite> <!-- day_4.dependency -->
