<?xml version="1.0" encoding="UTF-8"?>
<!-- Generated by org.testng.reporters.JUnitReportReporter -->
<testsuite hostname="Ashish" failures="0" tests="1" name="day_3.testNg" time="3.139" errors="0" timestamp="2025-08-19T12:03:11 IST" skipped="0">
  <testcase classname="day_3.testNg" name="googleTitleTest" time="3.139"/>
</testsuite> <!-- day_3.testNg -->
