<?xml version="1.0" encoding="UTF-8"?>
<!-- Generated by org.testng.reporters.JUnitReportReporter -->
<testsuite hostname="Ashish" failures="0" tests="2" name="day_3.ecommerce" time="7.664" errors="0" timestamp="2025-08-20T17:06:05 IST" skipped="0">
  <testcase classname="day_3.ecommerce" name="testSearch" time="7.340"/>
  <testcase classname="day_3.ecommerce" name="testTitle" time="0.324"/>
</testsuite> <!-- day_3.ecommerce -->
