<?xml version="1.0" encoding="UTF-8"?>
<!-- Generated by org.testng.reporters.JUnitReportReporter -->
<testsuite hostname="Ashish" failures="0" tests="1" name="day_3.amazonNg" time="11.975" errors="0" timestamp="2025-08-19T12:25:30 IST" skipped="0">
  <testcase classname="day_3.amazonNg" name="testSearch" time="11.975"/>
</testsuite> <!-- day_3.amazonNg -->
