<?xml version="1.0" encoding="UTF-8"?>
<!-- Generated by org.testng.reporters.JUnitReportReporter -->
<testsuite hostname="Ashish" failures="0" tests="2" name="day_3.google" time="2.589" errors="0" timestamp="2025-08-20T11:46:35 IST" skipped="0">
  <testcase classname="day_3.google" name="openGoogle" time="2.251"/>
  <testcase classname="day_3.google" name="searchInGoogle" time="0.338"/>
</testsuite> <!-- day_3.google -->
