<?xml version="1.0" encoding="UTF-8"?>
<!-- Generated by org.testng.reporters.JUnitReportReporter -->
<testsuite hostname="Ashish" failures="0" tests="2" name="day_3.test" time="3.301" errors="0" timestamp="2025-08-20T15:37:25 IST" skipped="0">
  <testcase classname="day_3.test" name="openGoogle" time="2.925"/>
  <testcase classname="day_3.test" name="searchInGoogle" time="0.376"/>
</testsuite> <!-- day_3.test -->
