<?xml version="1.0" encoding="UTF-8"?>
<!-- Generated by org.testng.reporters.JUnitReportReporter -->
<testsuite hostname="Ashish" failures="0" tests="4" name="TestNg.Amazontestng" time="27.115" errors="0" timestamp="2025-08-19T15:32:17 IST" skipped="0">
  <testcase classname="TestNg.Amazontestng" name="testLogin" time="7.490"/>
  <testcase classname="TestNg.Amazontestng" name="searchProduct" time="8.255"/>
  <testcase classname="TestNg.Amazontestng" name="addToCart" time="2.486"/>
  <testcase classname="TestNg.Amazontestng" name="buy" time="8.884"/>
</testsuite> <!-- TestNg.Amazontestng -->
