<?xml version="1.0" encoding="UTF-8"?>
<!-- Generated by org.testng.reporters.JUnitReportReporter -->
<testsuite hostname="Ashish" failures="0" tests="3" name="day_4.datap" time="0.076" errors="0" timestamp="2025-08-23T11:20:18 IST" skipped="0">
  <testcase classname="day_4.datap" name="addNumbers" time="0.061"/>
  <testcase classname="day_4.datap" name="addNumbers" time="0.003"/>
  <testcase classname="day_4.datap" name="addNumbers" time="0.012"/>
</testsuite> <!-- day_4.datap -->
